<?xml version="1.0" encoding="UTF-8"?>
<testng-results skipped="0" failed="0" ignored="0" total="1" passed="1">
  <reporter-output>
  </reporter-output>
  <suite name="Default suite" duration-ms="21953" started-at="2017-09-14T02:08:11Z" finished-at="2017-09-14T02:08:33Z">
    <groups>
    </groups>
    <test name="Default test" duration-ms="21953" started-at="2017-09-14T02:08:11Z" finished-at="2017-09-14T02:08:33Z">
      <class name="guru99.test.AppTest">
        <test-method status="PASS" signature="testing()[pri:0, instance:guru99.test.AppTest@69ea3742]" name="testing" duration-ms="21929" started-at="2017-09-13T19:08:11Z" finished-at="2017-09-13T19:08:33Z">
          <reporter-output>
          </reporter-output>
        </test-method> <!-- testing -->
      </class> <!-- guru99.test.AppTest -->
    </test> <!-- Default test -->
  </suite> <!-- Default suite -->
</testng-results>
